<?xml version="1.0" encoding="UTF-8"?>
<!-- Generated by org.testng.reporters.JUnitXMLReporter -->
<testsuite ignored="4" hostname="QCENTRIS189" failures="0" tests="8" name="regression Test" time="7.028" errors="0" timestamp="2022-03-24T20:59:01 EET">
  <testcase classname="tests.HomePageTest" name="validateVetPic" time="0.05"/>
  <testcase classname="tests.VeterinariansTest" name="clickOnVeterinarians" time="0.178"/>
  <testcase classname="tests.VeterinariansTest" name="getAllVeterinarians" time="0.238"/>
  <testcase classname="tests.OwnersTest" name="clickOnOwnersButton" time="0.149"/>
  <testcase classname="tests.OwnersTest" name="clickOnFindOwnerButton" time="0.175"/>
  <testcase classname="tests.OwnersTest" name="getAllOwners" time="2.517"/>
  <testcase classname="tests.OwnersTest" name="clickOnAddOwnersButton" time="0.932"/>
  <testcase classname="tests.OwnersTest" name="clickOnAddNewPet" time="2.741"/>
  <testcase classname="tests.TestBase2" name="@AfterSuite closeDriver" time="0.0">
    <ignored/>
  </testcase> <!-- @AfterSuite closeDriver -->
  <testcase classname="tests.TestBase2" name="@AfterSuite closeDriver" time="0.0">
    <ignored/>
  </testcase> <!-- @AfterSuite closeDriver -->
  <testcase classname="tests.TestBase2" name="@BeforeSuite startDriver" time="0.0">
    <ignored/>
  </testcase> <!-- @BeforeSuite startDriver -->
  <testcase classname="tests.TestBase2" name="@BeforeSuite startDriver" time="0.0">
    <ignored/>
  </testcase> <!-- @BeforeSuite startDriver -->
</testsuite> <!-- regression Test -->
